<?xml version="1.0" encoding="UTF-8"?>
<!-- Generated by org.testng.reporters.JUnitReportReporter -->
<testsuite hostname="hengxin-ubuntu" failures="0" tests="1" name="parsing.lexer.ListLexerTest" time="0.045" errors="0" timestamp="09 Nov 2021 02:38:15 GMT" skipped="0">
  <testcase classname="parsing.lexer.ListLexerTest" name="testNextToken" time="0.045"/>
</testsuite> <!-- parsing.lexer.ListLexerTest -->
