<?xml version="1.0" encoding="UTF-8"?>
<!-- Generated by org.testng.reporters.JUnitReportReporter -->
<testsuite hostname="hengxin-ubuntu" failures="0" tests="1" name="symtab.simple.DefSymbolsAndScopesTest" time="0.146" errors="0" timestamp="11 Dec 2021 12:40:38 GMT" skipped="0">
  <testcase classname="symtab.simple.DefSymbolsAndScopesTest" name="testFile" time="0.146"/>
</testsuite> <!-- symtab.simple.DefSymbolsAndScopesTest -->
