<?xml version="1.0" encoding="UTF-8"?>
<!-- Generated by org.testng.reporters.JUnitReportReporter -->
<testsuite hostname="hengxin-ubuntu" failures="0" tests="1" name="parser.backtrack.BacktrackParserTest" time="0.047" errors="0" timestamp="25 Nov 2021 07:49:03 GMT" skipped="0">
  <testcase classname="parser.backtrack.BacktrackParserTest" name="testStat" time="0.047"/>
</testsuite> <!-- parser.backtrack.BacktrackParserTest -->
